Copyright 1986-2019 Xilinx, Inc. All Rights Reserved.
--------------------------------------------------------------------------------------------------------------------------------------------------------------------------------------------------
| Tool Version : Vivado v.2019.1.1 (lin64) Build 2580384 Sat Jun 29 08:04:45 MDT 2019
| Date         : Sat Sep  7 20:21:20 2019
| Host         : liu-inspiron running 64-bit Ubuntu Eoan Ermine (development branch)
| Command      : report_timing_summary -delay_type max -max_paths 10 -file /home/liu/workspace/computer-architecture/computer-architecture/prj01-beginning/scripts/../report/synthesis/timing.rpt
| Design       : led
| Device       : 7a200t-fbg676
| Speed File   : -2  PRODUCTION 1.23 2018-06-13
--------------------------------------------------------------------------------------------------------------------------------------------------------------------------------------------------

Timing Summary Report

------------------------------------------------------------------------------------------------
| Timer Settings
| --------------
------------------------------------------------------------------------------------------------

  Enable Multi Corner Analysis               :  Yes
  Enable Pessimism Removal                   :  Yes
  Pessimism Removal Resolution               :  Nearest Common Node
  Enable Input Delay Default Clock           :  No
  Enable Preset / Clear Arcs                 :  No
  Disable Flight Delays                      :  No
  Ignore I/O Paths                           :  No
  Timing Early Launch at Borrowing Latches   :  No
  Borrow Time for Max Delay Exceptions       :  Yes

  Corner  Analyze    Analyze    
  Name    Max Paths  Min Paths  
  ------  ---------  ---------  
  Slow    Yes        Yes        
  Fast    Yes        Yes        



check_timing report

Table of Contents
-----------------
1. checking no_clock
2. checking constant_clock
3. checking pulse_width_clock
4. checking unconstrained_internal_endpoints
5. checking no_input_delay
6. checking no_output_delay
7. checking multiple_clock
8. checking generated_clocks
9. checking loops
10. checking partial_input_delay
11. checking partial_output_delay
12. checking latch_loops

1. checking no_clock
--------------------
 There are 0 register/latch pins with no clock.


2. checking constant_clock
--------------------------
 There are 0 register/latch pins with constant_clock.


3. checking pulse_width_clock
-----------------------------
 There are 0 register/latch pins which need pulse_width check


4. checking unconstrained_internal_endpoints
--------------------------------------------
 There are 0 pins that are not constrained for maximum delay.

 There are 0 pins that are not constrained for maximum delay due to constant clock.


5. checking no_input_delay
--------------------------
 There is 1 input port with no input delay specified. (HIGH)

 There are 0 input ports with no input delay but user has a false path constraint.


6. checking no_output_delay
---------------------------
 There are 16 ports with no output delay specified. (HIGH)

 There are 0 ports with no output delay but user has a false path constraint

 There are 0 ports with no output delay but with a timing clock defined on it or propagating through it


7. checking multiple_clock
--------------------------
 There are 0 register/latch pins with multiple clocks.


8. checking generated_clocks
----------------------------
 There are 0 generated clocks that are not connected to a clock source.


9. checking loops
-----------------
 There are 0 combinational loops in the design.


10. checking partial_input_delay
--------------------------------
 There are 0 input ports with partial input delay specified.


11. checking partial_output_delay
---------------------------------
 There are 0 ports with partial output delay specified.


12. checking latch_loops
------------------------
 There are 0 combinational latch loops in the design through latch input



------------------------------------------------------------------------------------------------
| Design Timing Summary
| ---------------------
------------------------------------------------------------------------------------------------

    WNS(ns)      TNS(ns)  TNS Failing Endpoints  TNS Total Endpoints     WPWS(ns)     TPWS(ns)  TPWS Failing Endpoints  TPWS Total Endpoints  
    -------      -------  ---------------------  -------------------     --------     --------  ----------------------  --------------------  
      6.299        0.000                      0                  118        4.500        0.000                       0                    60  


All user specified timing constraints are met.


------------------------------------------------------------------------------------------------
| Clock Summary
| -------------
------------------------------------------------------------------------------------------------

Clock  Waveform(ns)       Period(ns)      Frequency(MHz)
-----  ------------       ----------      --------------
clk    {0.000 5.000}      10.000          100.000         


------------------------------------------------------------------------------------------------
| Intra Clock Table
| -----------------
------------------------------------------------------------------------------------------------

Clock             WNS(ns)      TNS(ns)  TNS Failing Endpoints  TNS Total Endpoints     WPWS(ns)     TPWS(ns)  TPWS Failing Endpoints  TPWS Total Endpoints  
-----             -------      -------  ---------------------  -------------------     --------     --------  ----------------------  --------------------  
clk                 6.299        0.000                      0                  118        4.500        0.000                       0                    60  


------------------------------------------------------------------------------------------------
| Inter Clock Table
| -----------------
------------------------------------------------------------------------------------------------

From Clock    To Clock          WNS(ns)      TNS(ns)  TNS Failing Endpoints  TNS Total Endpoints  
----------    --------          -------      -------  ---------------------  -------------------  


------------------------------------------------------------------------------------------------
| Other Path Groups Table
| -----------------------
------------------------------------------------------------------------------------------------

Path Group    From Clock    To Clock          WNS(ns)      TNS(ns)  TNS Failing Endpoints  TNS Total Endpoints  
----------    ----------    --------          -------      -------  ---------------------  -------------------  


------------------------------------------------------------------------------------------------
| Timing Details
| --------------
------------------------------------------------------------------------------------------------


---------------------------------------------------------------------------------------------------
From Clock:  clk
  To Clock:  clk

Setup :            0  Failing Endpoints,  Worst Slack        6.299ns,  Total Violation        0.000ns
Hold  :           NA  Failing Endpoints,  Worst Slack           NA  ,  Total Violation           NA
PW    :            0  Failing Endpoints,  Worst Slack        4.500ns,  Total Violation        0.000ns
---------------------------------------------------------------------------------------------------


Max Delay Paths
--------------------------------------------------------------------------------------
Slack (MET) :             6.299ns  (required time - arrival time)
  Source:                 count_reg[23]/C
                            (rising edge-triggered cell FDRE clocked by clk  {rise@0.000ns fall@5.000ns period=10.000ns})
  Destination:            count_reg[0]/R
                            (rising edge-triggered cell FDRE clocked by clk  {rise@0.000ns fall@5.000ns period=10.000ns})
  Path Group:             clk
  Path Type:              Setup (Max at Slow Process Corner)
  Requirement:            10.000ns  (clk rise@10.000ns - clk rise@0.000ns)
  Data Path Delay:        3.166ns  (logic 0.716ns (22.615%)  route 2.450ns (77.385%))
  Logic Levels:           2  (LUT6=2)
  Clock Path Skew:        -0.145ns (DCD - SCD + CPR)
    Destination Clock Delay (DCD):    2.479ns = ( 12.479 - 10.000 ) 
    Source Clock Delay      (SCD):    2.727ns
    Clock Pessimism Removal (CPR):    0.102ns
  Clock Uncertainty:      0.035ns  ((TSJ^2 + TIJ^2)^1/2 + DJ) / 2 + PE
    Total System Jitter     (TSJ):    0.071ns
    Total Input Jitter      (TIJ):    0.000ns
    Discrete Jitter          (DJ):    0.000ns
    Phase Error              (PE):    0.000ns

    Location             Delay type                Incr(ns)  Path(ns)    Netlist Resource(s)
  -------------------------------------------------------------------    -------------------
                         (clock clk rise edge)        0.000     0.000 r  
    AC19                                              0.000     0.000 r  clock (IN)
                         net (fo=0)                   0.000     0.000    clock
    AC19                 IBUF (Prop_ibuf_I_O)         1.416     1.416 r  clock_IBUF_inst/O
                         net (fo=1, unplaced)         0.646     2.062    clock_IBUF
                         BUFG (Prop_bufg_I_O)         0.081     2.143 r  clock_IBUF_BUFG_inst/O
                         net (fo=59, unplaced)        0.584     2.727    clock_IBUF_BUFG
                         FDRE                                         r  count_reg[23]/C
  -------------------------------------------------------------------    -------------------
                         FDRE (Prop_fdre_C_Q)         0.379     3.106 f  count_reg[23]/Q
                         net (fo=2, unplaced)         0.790     3.896    count_reg[23]
                         LUT6 (Prop_lut6_I0_O)        0.232     4.128 r  led_controller[15]_i_7/O
                         net (fo=2, unplaced)         0.949     5.077    led_controller[15]_i_7_n_0
                         LUT6 (Prop_lut6_I0_O)        0.105     5.182 r  count[0]_i_1/O
                         net (fo=27, unplaced)        0.711     5.893    count[0]_i_1_n_0
                         FDRE                                         r  count_reg[0]/R
  -------------------------------------------------------------------    -------------------

                         (clock clk rise edge)       10.000    10.000 r  
    AC19                                              0.000    10.000 r  clock (IN)
                         net (fo=0)                   0.000    10.000    clock
    AC19                 IBUF (Prop_ibuf_I_O)         1.350    11.350 r  clock_IBUF_inst/O
                         net (fo=1, unplaced)         0.613    11.963    clock_IBUF
                         BUFG (Prop_bufg_I_O)         0.077    12.040 r  clock_IBUF_BUFG_inst/O
                         net (fo=59, unplaced)        0.439    12.479    clock_IBUF_BUFG
                         FDRE                                         r  count_reg[0]/C
                         clock pessimism              0.102    12.582    
                         clock uncertainty           -0.035    12.546    
                         FDRE (Setup_fdre_C_R)       -0.355    12.191    count_reg[0]
  -------------------------------------------------------------------
                         required time                         12.191    
                         arrival time                          -5.893    
  -------------------------------------------------------------------
                         slack                                  6.299    

Slack (MET) :             6.299ns  (required time - arrival time)
  Source:                 count_reg[23]/C
                            (rising edge-triggered cell FDRE clocked by clk  {rise@0.000ns fall@5.000ns period=10.000ns})
  Destination:            count_reg[10]/R
                            (rising edge-triggered cell FDRE clocked by clk  {rise@0.000ns fall@5.000ns period=10.000ns})
  Path Group:             clk
  Path Type:              Setup (Max at Slow Process Corner)
  Requirement:            10.000ns  (clk rise@10.000ns - clk rise@0.000ns)
  Data Path Delay:        3.166ns  (logic 0.716ns (22.615%)  route 2.450ns (77.385%))
  Logic Levels:           2  (LUT6=2)
  Clock Path Skew:        -0.145ns (DCD - SCD + CPR)
    Destination Clock Delay (DCD):    2.479ns = ( 12.479 - 10.000 ) 
    Source Clock Delay      (SCD):    2.727ns
    Clock Pessimism Removal (CPR):    0.102ns
  Clock Uncertainty:      0.035ns  ((TSJ^2 + TIJ^2)^1/2 + DJ) / 2 + PE
    Total System Jitter     (TSJ):    0.071ns
    Total Input Jitter      (TIJ):    0.000ns
    Discrete Jitter          (DJ):    0.000ns
    Phase Error              (PE):    0.000ns

    Location             Delay type                Incr(ns)  Path(ns)    Netlist Resource(s)
  -------------------------------------------------------------------    -------------------
                         (clock clk rise edge)        0.000     0.000 r  
    AC19                                              0.000     0.000 r  clock (IN)
                         net (fo=0)                   0.000     0.000    clock
    AC19                 IBUF (Prop_ibuf_I_O)         1.416     1.416 r  clock_IBUF_inst/O
                         net (fo=1, unplaced)         0.646     2.062    clock_IBUF
                         BUFG (Prop_bufg_I_O)         0.081     2.143 r  clock_IBUF_BUFG_inst/O
                         net (fo=59, unplaced)        0.584     2.727    clock_IBUF_BUFG
                         FDRE                                         r  count_reg[23]/C
  -------------------------------------------------------------------    -------------------
                         FDRE (Prop_fdre_C_Q)         0.379     3.106 f  count_reg[23]/Q
                         net (fo=2, unplaced)         0.790     3.896    count_reg[23]
                         LUT6 (Prop_lut6_I0_O)        0.232     4.128 r  led_controller[15]_i_7/O
                         net (fo=2, unplaced)         0.949     5.077    led_controller[15]_i_7_n_0
                         LUT6 (Prop_lut6_I0_O)        0.105     5.182 r  count[0]_i_1/O
                         net (fo=27, unplaced)        0.711     5.893    count[0]_i_1_n_0
                         FDRE                                         r  count_reg[10]/R
  -------------------------------------------------------------------    -------------------

                         (clock clk rise edge)       10.000    10.000 r  
    AC19                                              0.000    10.000 r  clock (IN)
                         net (fo=0)                   0.000    10.000    clock
    AC19                 IBUF (Prop_ibuf_I_O)         1.350    11.350 r  clock_IBUF_inst/O
                         net (fo=1, unplaced)         0.613    11.963    clock_IBUF
                         BUFG (Prop_bufg_I_O)         0.077    12.040 r  clock_IBUF_BUFG_inst/O
                         net (fo=59, unplaced)        0.439    12.479    clock_IBUF_BUFG
                         FDRE                                         r  count_reg[10]/C
                         clock pessimism              0.102    12.582    
                         clock uncertainty           -0.035    12.546    
                         FDRE (Setup_fdre_C_R)       -0.355    12.191    count_reg[10]
  -------------------------------------------------------------------
                         required time                         12.191    
                         arrival time                          -5.893    
  -------------------------------------------------------------------
                         slack                                  6.299    

Slack (MET) :             6.299ns  (required time - arrival time)
  Source:                 count_reg[23]/C
                            (rising edge-triggered cell FDRE clocked by clk  {rise@0.000ns fall@5.000ns period=10.000ns})
  Destination:            count_reg[11]/R
                            (rising edge-triggered cell FDRE clocked by clk  {rise@0.000ns fall@5.000ns period=10.000ns})
  Path Group:             clk
  Path Type:              Setup (Max at Slow Process Corner)
  Requirement:            10.000ns  (clk rise@10.000ns - clk rise@0.000ns)
  Data Path Delay:        3.166ns  (logic 0.716ns (22.615%)  route 2.450ns (77.385%))
  Logic Levels:           2  (LUT6=2)
  Clock Path Skew:        -0.145ns (DCD - SCD + CPR)
    Destination Clock Delay (DCD):    2.479ns = ( 12.479 - 10.000 ) 
    Source Clock Delay      (SCD):    2.727ns
    Clock Pessimism Removal (CPR):    0.102ns
  Clock Uncertainty:      0.035ns  ((TSJ^2 + TIJ^2)^1/2 + DJ) / 2 + PE
    Total System Jitter     (TSJ):    0.071ns
    Total Input Jitter      (TIJ):    0.000ns
    Discrete Jitter          (DJ):    0.000ns
    Phase Error              (PE):    0.000ns

    Location             Delay type                Incr(ns)  Path(ns)    Netlist Resource(s)
  -------------------------------------------------------------------    -------------------
                         (clock clk rise edge)        0.000     0.000 r  
    AC19                                              0.000     0.000 r  clock (IN)
                         net (fo=0)                   0.000     0.000    clock
    AC19                 IBUF (Prop_ibuf_I_O)         1.416     1.416 r  clock_IBUF_inst/O
                         net (fo=1, unplaced)         0.646     2.062    clock_IBUF
                         BUFG (Prop_bufg_I_O)         0.081     2.143 r  clock_IBUF_BUFG_inst/O
                         net (fo=59, unplaced)        0.584     2.727    clock_IBUF_BUFG
                         FDRE                                         r  count_reg[23]/C
  -------------------------------------------------------------------    -------------------
                         FDRE (Prop_fdre_C_Q)         0.379     3.106 f  count_reg[23]/Q
                         net (fo=2, unplaced)         0.790     3.896    count_reg[23]
                         LUT6 (Prop_lut6_I0_O)        0.232     4.128 r  led_controller[15]_i_7/O
                         net (fo=2, unplaced)         0.949     5.077    led_controller[15]_i_7_n_0
                         LUT6 (Prop_lut6_I0_O)        0.105     5.182 r  count[0]_i_1/O
                         net (fo=27, unplaced)        0.711     5.893    count[0]_i_1_n_0
                         FDRE                                         r  count_reg[11]/R
  -------------------------------------------------------------------    -------------------

                         (clock clk rise edge)       10.000    10.000 r  
    AC19                                              0.000    10.000 r  clock (IN)
                         net (fo=0)                   0.000    10.000    clock
    AC19                 IBUF (Prop_ibuf_I_O)         1.350    11.350 r  clock_IBUF_inst/O
                         net (fo=1, unplaced)         0.613    11.963    clock_IBUF
                         BUFG (Prop_bufg_I_O)         0.077    12.040 r  clock_IBUF_BUFG_inst/O
                         net (fo=59, unplaced)        0.439    12.479    clock_IBUF_BUFG
                         FDRE                                         r  count_reg[11]/C
                         clock pessimism              0.102    12.582    
                         clock uncertainty           -0.035    12.546    
                         FDRE (Setup_fdre_C_R)       -0.355    12.191    count_reg[11]
  -------------------------------------------------------------------
                         required time                         12.191    
                         arrival time                          -5.893    
  -------------------------------------------------------------------
                         slack                                  6.299    

Slack (MET) :             6.299ns  (required time - arrival time)
  Source:                 count_reg[23]/C
                            (rising edge-triggered cell FDRE clocked by clk  {rise@0.000ns fall@5.000ns period=10.000ns})
  Destination:            count_reg[12]/R
                            (rising edge-triggered cell FDRE clocked by clk  {rise@0.000ns fall@5.000ns period=10.000ns})
  Path Group:             clk
  Path Type:              Setup (Max at Slow Process Corner)
  Requirement:            10.000ns  (clk rise@10.000ns - clk rise@0.000ns)
  Data Path Delay:        3.166ns  (logic 0.716ns (22.615%)  route 2.450ns (77.385%))
  Logic Levels:           2  (LUT6=2)
  Clock Path Skew:        -0.145ns (DCD - SCD + CPR)
    Destination Clock Delay (DCD):    2.479ns = ( 12.479 - 10.000 ) 
    Source Clock Delay      (SCD):    2.727ns
    Clock Pessimism Removal (CPR):    0.102ns
  Clock Uncertainty:      0.035ns  ((TSJ^2 + TIJ^2)^1/2 + DJ) / 2 + PE
    Total System Jitter     (TSJ):    0.071ns
    Total Input Jitter      (TIJ):    0.000ns
    Discrete Jitter          (DJ):    0.000ns
    Phase Error              (PE):    0.000ns

    Location             Delay type                Incr(ns)  Path(ns)    Netlist Resource(s)
  -------------------------------------------------------------------    -------------------
                         (clock clk rise edge)        0.000     0.000 r  
    AC19                                              0.000     0.000 r  clock (IN)
                         net (fo=0)                   0.000     0.000    clock
    AC19                 IBUF (Prop_ibuf_I_O)         1.416     1.416 r  clock_IBUF_inst/O
                         net (fo=1, unplaced)         0.646     2.062    clock_IBUF
                         BUFG (Prop_bufg_I_O)         0.081     2.143 r  clock_IBUF_BUFG_inst/O
                         net (fo=59, unplaced)        0.584     2.727    clock_IBUF_BUFG
                         FDRE                                         r  count_reg[23]/C
  -------------------------------------------------------------------    -------------------
                         FDRE (Prop_fdre_C_Q)         0.379     3.106 f  count_reg[23]/Q
                         net (fo=2, unplaced)         0.790     3.896    count_reg[23]
                         LUT6 (Prop_lut6_I0_O)        0.232     4.128 r  led_controller[15]_i_7/O
                         net (fo=2, unplaced)         0.949     5.077    led_controller[15]_i_7_n_0
                         LUT6 (Prop_lut6_I0_O)        0.105     5.182 r  count[0]_i_1/O
                         net (fo=27, unplaced)        0.711     5.893    count[0]_i_1_n_0
                         FDRE                                         r  count_reg[12]/R
  -------------------------------------------------------------------    -------------------

                         (clock clk rise edge)       10.000    10.000 r  
    AC19                                              0.000    10.000 r  clock (IN)
                         net (fo=0)                   0.000    10.000    clock
    AC19                 IBUF (Prop_ibuf_I_O)         1.350    11.350 r  clock_IBUF_inst/O
                         net (fo=1, unplaced)         0.613    11.963    clock_IBUF
                         BUFG (Prop_bufg_I_O)         0.077    12.040 r  clock_IBUF_BUFG_inst/O
                         net (fo=59, unplaced)        0.439    12.479    clock_IBUF_BUFG
                         FDRE                                         r  count_reg[12]/C
                         clock pessimism              0.102    12.582    
                         clock uncertainty           -0.035    12.546    
                         FDRE (Setup_fdre_C_R)       -0.355    12.191    count_reg[12]
  -------------------------------------------------------------------
                         required time                         12.191    
                         arrival time                          -5.893    
  -------------------------------------------------------------------
                         slack                                  6.299    

Slack (MET) :             6.299ns  (required time - arrival time)
  Source:                 count_reg[23]/C
                            (rising edge-triggered cell FDRE clocked by clk  {rise@0.000ns fall@5.000ns period=10.000ns})
  Destination:            count_reg[13]/R
                            (rising edge-triggered cell FDRE clocked by clk  {rise@0.000ns fall@5.000ns period=10.000ns})
  Path Group:             clk
  Path Type:              Setup (Max at Slow Process Corner)
  Requirement:            10.000ns  (clk rise@10.000ns - clk rise@0.000ns)
  Data Path Delay:        3.166ns  (logic 0.716ns (22.615%)  route 2.450ns (77.385%))
  Logic Levels:           2  (LUT6=2)
  Clock Path Skew:        -0.145ns (DCD - SCD + CPR)
    Destination Clock Delay (DCD):    2.479ns = ( 12.479 - 10.000 ) 
    Source Clock Delay      (SCD):    2.727ns
    Clock Pessimism Removal (CPR):    0.102ns
  Clock Uncertainty:      0.035ns  ((TSJ^2 + TIJ^2)^1/2 + DJ) / 2 + PE
    Total System Jitter     (TSJ):    0.071ns
    Total Input Jitter      (TIJ):    0.000ns
    Discrete Jitter          (DJ):    0.000ns
    Phase Error              (PE):    0.000ns

    Location             Delay type                Incr(ns)  Path(ns)    Netlist Resource(s)
  -------------------------------------------------------------------    -------------------
                         (clock clk rise edge)        0.000     0.000 r  
    AC19                                              0.000     0.000 r  clock (IN)
                         net (fo=0)                   0.000     0.000    clock
    AC19                 IBUF (Prop_ibuf_I_O)         1.416     1.416 r  clock_IBUF_inst/O
                         net (fo=1, unplaced)         0.646     2.062    clock_IBUF
                         BUFG (Prop_bufg_I_O)         0.081     2.143 r  clock_IBUF_BUFG_inst/O
                         net (fo=59, unplaced)        0.584     2.727    clock_IBUF_BUFG
                         FDRE                                         r  count_reg[23]/C
  -------------------------------------------------------------------    -------------------
                         FDRE (Prop_fdre_C_Q)         0.379     3.106 f  count_reg[23]/Q
                         net (fo=2, unplaced)         0.790     3.896    count_reg[23]
                         LUT6 (Prop_lut6_I0_O)        0.232     4.128 r  led_controller[15]_i_7/O
                         net (fo=2, unplaced)         0.949     5.077    led_controller[15]_i_7_n_0
                         LUT6 (Prop_lut6_I0_O)        0.105     5.182 r  count[0]_i_1/O
                         net (fo=27, unplaced)        0.711     5.893    count[0]_i_1_n_0
                         FDRE                                         r  count_reg[13]/R
  -------------------------------------------------------------------    -------------------

                         (clock clk rise edge)       10.000    10.000 r  
    AC19                                              0.000    10.000 r  clock (IN)
                         net (fo=0)                   0.000    10.000    clock
    AC19                 IBUF (Prop_ibuf_I_O)         1.350    11.350 r  clock_IBUF_inst/O
                         net (fo=1, unplaced)         0.613    11.963    clock_IBUF
                         BUFG (Prop_bufg_I_O)         0.077    12.040 r  clock_IBUF_BUFG_inst/O
                         net (fo=59, unplaced)        0.439    12.479    clock_IBUF_BUFG
                         FDRE                                         r  count_reg[13]/C
                         clock pessimism              0.102    12.582    
                         clock uncertainty           -0.035    12.546    
                         FDRE (Setup_fdre_C_R)       -0.355    12.191    count_reg[13]
  -------------------------------------------------------------------
                         required time                         12.191    
                         arrival time                          -5.893    
  -------------------------------------------------------------------
                         slack                                  6.299    

Slack (MET) :             6.299ns  (required time - arrival time)
  Source:                 count_reg[23]/C
                            (rising edge-triggered cell FDRE clocked by clk  {rise@0.000ns fall@5.000ns period=10.000ns})
  Destination:            count_reg[14]/R
                            (rising edge-triggered cell FDRE clocked by clk  {rise@0.000ns fall@5.000ns period=10.000ns})
  Path Group:             clk
  Path Type:              Setup (Max at Slow Process Corner)
  Requirement:            10.000ns  (clk rise@10.000ns - clk rise@0.000ns)
  Data Path Delay:        3.166ns  (logic 0.716ns (22.615%)  route 2.450ns (77.385%))
  Logic Levels:           2  (LUT6=2)
  Clock Path Skew:        -0.145ns (DCD - SCD + CPR)
    Destination Clock Delay (DCD):    2.479ns = ( 12.479 - 10.000 ) 
    Source Clock Delay      (SCD):    2.727ns
    Clock Pessimism Removal (CPR):    0.102ns
  Clock Uncertainty:      0.035ns  ((TSJ^2 + TIJ^2)^1/2 + DJ) / 2 + PE
    Total System Jitter     (TSJ):    0.071ns
    Total Input Jitter      (TIJ):    0.000ns
    Discrete Jitter          (DJ):    0.000ns
    Phase Error              (PE):    0.000ns

    Location             Delay type                Incr(ns)  Path(ns)    Netlist Resource(s)
  -------------------------------------------------------------------    -------------------
                         (clock clk rise edge)        0.000     0.000 r  
    AC19                                              0.000     0.000 r  clock (IN)
                         net (fo=0)                   0.000     0.000    clock
    AC19                 IBUF (Prop_ibuf_I_O)         1.416     1.416 r  clock_IBUF_inst/O
                         net (fo=1, unplaced)         0.646     2.062    clock_IBUF
                         BUFG (Prop_bufg_I_O)         0.081     2.143 r  clock_IBUF_BUFG_inst/O
                         net (fo=59, unplaced)        0.584     2.727    clock_IBUF_BUFG
                         FDRE                                         r  count_reg[23]/C
  -------------------------------------------------------------------    -------------------
                         FDRE (Prop_fdre_C_Q)         0.379     3.106 f  count_reg[23]/Q
                         net (fo=2, unplaced)         0.790     3.896    count_reg[23]
                         LUT6 (Prop_lut6_I0_O)        0.232     4.128 r  led_controller[15]_i_7/O
                         net (fo=2, unplaced)         0.949     5.077    led_controller[15]_i_7_n_0
                         LUT6 (Prop_lut6_I0_O)        0.105     5.182 r  count[0]_i_1/O
                         net (fo=27, unplaced)        0.711     5.893    count[0]_i_1_n_0
                         FDRE                                         r  count_reg[14]/R
  -------------------------------------------------------------------    -------------------

                         (clock clk rise edge)       10.000    10.000 r  
    AC19                                              0.000    10.000 r  clock (IN)
                         net (fo=0)                   0.000    10.000    clock
    AC19                 IBUF (Prop_ibuf_I_O)         1.350    11.350 r  clock_IBUF_inst/O
                         net (fo=1, unplaced)         0.613    11.963    clock_IBUF
                         BUFG (Prop_bufg_I_O)         0.077    12.040 r  clock_IBUF_BUFG_inst/O
                         net (fo=59, unplaced)        0.439    12.479    clock_IBUF_BUFG
                         FDRE                                         r  count_reg[14]/C
                         clock pessimism              0.102    12.582    
                         clock uncertainty           -0.035    12.546    
                         FDRE (Setup_fdre_C_R)       -0.355    12.191    count_reg[14]
  -------------------------------------------------------------------
                         required time                         12.191    
                         arrival time                          -5.893    
  -------------------------------------------------------------------
                         slack                                  6.299    

Slack (MET) :             6.299ns  (required time - arrival time)
  Source:                 count_reg[23]/C
                            (rising edge-triggered cell FDRE clocked by clk  {rise@0.000ns fall@5.000ns period=10.000ns})
  Destination:            count_reg[15]/R
                            (rising edge-triggered cell FDRE clocked by clk  {rise@0.000ns fall@5.000ns period=10.000ns})
  Path Group:             clk
  Path Type:              Setup (Max at Slow Process Corner)
  Requirement:            10.000ns  (clk rise@10.000ns - clk rise@0.000ns)
  Data Path Delay:        3.166ns  (logic 0.716ns (22.615%)  route 2.450ns (77.385%))
  Logic Levels:           2  (LUT6=2)
  Clock Path Skew:        -0.145ns (DCD - SCD + CPR)
    Destination Clock Delay (DCD):    2.479ns = ( 12.479 - 10.000 ) 
    Source Clock Delay      (SCD):    2.727ns
    Clock Pessimism Removal (CPR):    0.102ns
  Clock Uncertainty:      0.035ns  ((TSJ^2 + TIJ^2)^1/2 + DJ) / 2 + PE
    Total System Jitter     (TSJ):    0.071ns
    Total Input Jitter      (TIJ):    0.000ns
    Discrete Jitter          (DJ):    0.000ns
    Phase Error              (PE):    0.000ns

    Location             Delay type                Incr(ns)  Path(ns)    Netlist Resource(s)
  -------------------------------------------------------------------    -------------------
                         (clock clk rise edge)        0.000     0.000 r  
    AC19                                              0.000     0.000 r  clock (IN)
                         net (fo=0)                   0.000     0.000    clock
    AC19                 IBUF (Prop_ibuf_I_O)         1.416     1.416 r  clock_IBUF_inst/O
                         net (fo=1, unplaced)         0.646     2.062    clock_IBUF
                         BUFG (Prop_bufg_I_O)         0.081     2.143 r  clock_IBUF_BUFG_inst/O
                         net (fo=59, unplaced)        0.584     2.727    clock_IBUF_BUFG
                         FDRE                                         r  count_reg[23]/C
  -------------------------------------------------------------------    -------------------
                         FDRE (Prop_fdre_C_Q)         0.379     3.106 f  count_reg[23]/Q
                         net (fo=2, unplaced)         0.790     3.896    count_reg[23]
                         LUT6 (Prop_lut6_I0_O)        0.232     4.128 r  led_controller[15]_i_7/O
                         net (fo=2, unplaced)         0.949     5.077    led_controller[15]_i_7_n_0
                         LUT6 (Prop_lut6_I0_O)        0.105     5.182 r  count[0]_i_1/O
                         net (fo=27, unplaced)        0.711     5.893    count[0]_i_1_n_0
                         FDRE                                         r  count_reg[15]/R
  -------------------------------------------------------------------    -------------------

                         (clock clk rise edge)       10.000    10.000 r  
    AC19                                              0.000    10.000 r  clock (IN)
                         net (fo=0)                   0.000    10.000    clock
    AC19                 IBUF (Prop_ibuf_I_O)         1.350    11.350 r  clock_IBUF_inst/O
                         net (fo=1, unplaced)         0.613    11.963    clock_IBUF
                         BUFG (Prop_bufg_I_O)         0.077    12.040 r  clock_IBUF_BUFG_inst/O
                         net (fo=59, unplaced)        0.439    12.479    clock_IBUF_BUFG
                         FDRE                                         r  count_reg[15]/C
                         clock pessimism              0.102    12.582    
                         clock uncertainty           -0.035    12.546    
                         FDRE (Setup_fdre_C_R)       -0.355    12.191    count_reg[15]
  -------------------------------------------------------------------
                         required time                         12.191    
                         arrival time                          -5.893    
  -------------------------------------------------------------------
                         slack                                  6.299    

Slack (MET) :             6.299ns  (required time - arrival time)
  Source:                 count_reg[23]/C
                            (rising edge-triggered cell FDRE clocked by clk  {rise@0.000ns fall@5.000ns period=10.000ns})
  Destination:            count_reg[16]/R
                            (rising edge-triggered cell FDRE clocked by clk  {rise@0.000ns fall@5.000ns period=10.000ns})
  Path Group:             clk
  Path Type:              Setup (Max at Slow Process Corner)
  Requirement:            10.000ns  (clk rise@10.000ns - clk rise@0.000ns)
  Data Path Delay:        3.166ns  (logic 0.716ns (22.615%)  route 2.450ns (77.385%))
  Logic Levels:           2  (LUT6=2)
  Clock Path Skew:        -0.145ns (DCD - SCD + CPR)
    Destination Clock Delay (DCD):    2.479ns = ( 12.479 - 10.000 ) 
    Source Clock Delay      (SCD):    2.727ns
    Clock Pessimism Removal (CPR):    0.102ns
  Clock Uncertainty:      0.035ns  ((TSJ^2 + TIJ^2)^1/2 + DJ) / 2 + PE
    Total System Jitter     (TSJ):    0.071ns
    Total Input Jitter      (TIJ):    0.000ns
    Discrete Jitter          (DJ):    0.000ns
    Phase Error              (PE):    0.000ns

    Location             Delay type                Incr(ns)  Path(ns)    Netlist Resource(s)
  -------------------------------------------------------------------    -------------------
                         (clock clk rise edge)        0.000     0.000 r  
    AC19                                              0.000     0.000 r  clock (IN)
                         net (fo=0)                   0.000     0.000    clock
    AC19                 IBUF (Prop_ibuf_I_O)         1.416     1.416 r  clock_IBUF_inst/O
                         net (fo=1, unplaced)         0.646     2.062    clock_IBUF
                         BUFG (Prop_bufg_I_O)         0.081     2.143 r  clock_IBUF_BUFG_inst/O
                         net (fo=59, unplaced)        0.584     2.727    clock_IBUF_BUFG
                         FDRE                                         r  count_reg[23]/C
  -------------------------------------------------------------------    -------------------
                         FDRE (Prop_fdre_C_Q)         0.379     3.106 f  count_reg[23]/Q
                         net (fo=2, unplaced)         0.790     3.896    count_reg[23]
                         LUT6 (Prop_lut6_I0_O)        0.232     4.128 r  led_controller[15]_i_7/O
                         net (fo=2, unplaced)         0.949     5.077    led_controller[15]_i_7_n_0
                         LUT6 (Prop_lut6_I0_O)        0.105     5.182 r  count[0]_i_1/O
                         net (fo=27, unplaced)        0.711     5.893    count[0]_i_1_n_0
                         FDRE                                         r  count_reg[16]/R
  -------------------------------------------------------------------    -------------------

                         (clock clk rise edge)       10.000    10.000 r  
    AC19                                              0.000    10.000 r  clock (IN)
                         net (fo=0)                   0.000    10.000    clock
    AC19                 IBUF (Prop_ibuf_I_O)         1.350    11.350 r  clock_IBUF_inst/O
                         net (fo=1, unplaced)         0.613    11.963    clock_IBUF
                         BUFG (Prop_bufg_I_O)         0.077    12.040 r  clock_IBUF_BUFG_inst/O
                         net (fo=59, unplaced)        0.439    12.479    clock_IBUF_BUFG
                         FDRE                                         r  count_reg[16]/C
                         clock pessimism              0.102    12.582    
                         clock uncertainty           -0.035    12.546    
                         FDRE (Setup_fdre_C_R)       -0.355    12.191    count_reg[16]
  -------------------------------------------------------------------
                         required time                         12.191    
                         arrival time                          -5.893    
  -------------------------------------------------------------------
                         slack                                  6.299    

Slack (MET) :             6.299ns  (required time - arrival time)
  Source:                 count_reg[23]/C
                            (rising edge-triggered cell FDRE clocked by clk  {rise@0.000ns fall@5.000ns period=10.000ns})
  Destination:            count_reg[17]/R
                            (rising edge-triggered cell FDRE clocked by clk  {rise@0.000ns fall@5.000ns period=10.000ns})
  Path Group:             clk
  Path Type:              Setup (Max at Slow Process Corner)
  Requirement:            10.000ns  (clk rise@10.000ns - clk rise@0.000ns)
  Data Path Delay:        3.166ns  (logic 0.716ns (22.615%)  route 2.450ns (77.385%))
  Logic Levels:           2  (LUT6=2)
  Clock Path Skew:        -0.145ns (DCD - SCD + CPR)
    Destination Clock Delay (DCD):    2.479ns = ( 12.479 - 10.000 ) 
    Source Clock Delay      (SCD):    2.727ns
    Clock Pessimism Removal (CPR):    0.102ns
  Clock Uncertainty:      0.035ns  ((TSJ^2 + TIJ^2)^1/2 + DJ) / 2 + PE
    Total System Jitter     (TSJ):    0.071ns
    Total Input Jitter      (TIJ):    0.000ns
    Discrete Jitter          (DJ):    0.000ns
    Phase Error              (PE):    0.000ns

    Location             Delay type                Incr(ns)  Path(ns)    Netlist Resource(s)
  -------------------------------------------------------------------    -------------------
                         (clock clk rise edge)        0.000     0.000 r  
    AC19                                              0.000     0.000 r  clock (IN)
                         net (fo=0)                   0.000     0.000    clock
    AC19                 IBUF (Prop_ibuf_I_O)         1.416     1.416 r  clock_IBUF_inst/O
                         net (fo=1, unplaced)         0.646     2.062    clock_IBUF
                         BUFG (Prop_bufg_I_O)         0.081     2.143 r  clock_IBUF_BUFG_inst/O
                         net (fo=59, unplaced)        0.584     2.727    clock_IBUF_BUFG
                         FDRE                                         r  count_reg[23]/C
  -------------------------------------------------------------------    -------------------
                         FDRE (Prop_fdre_C_Q)         0.379     3.106 f  count_reg[23]/Q
                         net (fo=2, unplaced)         0.790     3.896    count_reg[23]
                         LUT6 (Prop_lut6_I0_O)        0.232     4.128 r  led_controller[15]_i_7/O
                         net (fo=2, unplaced)         0.949     5.077    led_controller[15]_i_7_n_0
                         LUT6 (Prop_lut6_I0_O)        0.105     5.182 r  count[0]_i_1/O
                         net (fo=27, unplaced)        0.711     5.893    count[0]_i_1_n_0
                         FDRE                                         r  count_reg[17]/R
  -------------------------------------------------------------------    -------------------

                         (clock clk rise edge)       10.000    10.000 r  
    AC19                                              0.000    10.000 r  clock (IN)
                         net (fo=0)                   0.000    10.000    clock
    AC19                 IBUF (Prop_ibuf_I_O)         1.350    11.350 r  clock_IBUF_inst/O
                         net (fo=1, unplaced)         0.613    11.963    clock_IBUF
                         BUFG (Prop_bufg_I_O)         0.077    12.040 r  clock_IBUF_BUFG_inst/O
                         net (fo=59, unplaced)        0.439    12.479    clock_IBUF_BUFG
                         FDRE                                         r  count_reg[17]/C
                         clock pessimism              0.102    12.582    
                         clock uncertainty           -0.035    12.546    
                         FDRE (Setup_fdre_C_R)       -0.355    12.191    count_reg[17]
  -------------------------------------------------------------------
                         required time                         12.191    
                         arrival time                          -5.893    
  -------------------------------------------------------------------
                         slack                                  6.299    

Slack (MET) :             6.299ns  (required time - arrival time)
  Source:                 count_reg[23]/C
                            (rising edge-triggered cell FDRE clocked by clk  {rise@0.000ns fall@5.000ns period=10.000ns})
  Destination:            count_reg[18]/R
                            (rising edge-triggered cell FDRE clocked by clk  {rise@0.000ns fall@5.000ns period=10.000ns})
  Path Group:             clk
  Path Type:              Setup (Max at Slow Process Corner)
  Requirement:            10.000ns  (clk rise@10.000ns - clk rise@0.000ns)
  Data Path Delay:        3.166ns  (logic 0.716ns (22.615%)  route 2.450ns (77.385%))
  Logic Levels:           2  (LUT6=2)
  Clock Path Skew:        -0.145ns (DCD - SCD + CPR)
    Destination Clock Delay (DCD):    2.479ns = ( 12.479 - 10.000 ) 
    Source Clock Delay      (SCD):    2.727ns
    Clock Pessimism Removal (CPR):    0.102ns
  Clock Uncertainty:      0.035ns  ((TSJ^2 + TIJ^2)^1/2 + DJ) / 2 + PE
    Total System Jitter     (TSJ):    0.071ns
    Total Input Jitter      (TIJ):    0.000ns
    Discrete Jitter          (DJ):    0.000ns
    Phase Error              (PE):    0.000ns

    Location             Delay type                Incr(ns)  Path(ns)    Netlist Resource(s)
  -------------------------------------------------------------------    -------------------
                         (clock clk rise edge)        0.000     0.000 r  
    AC19                                              0.000     0.000 r  clock (IN)
                         net (fo=0)                   0.000     0.000    clock
    AC19                 IBUF (Prop_ibuf_I_O)         1.416     1.416 r  clock_IBUF_inst/O
                         net (fo=1, unplaced)         0.646     2.062    clock_IBUF
                         BUFG (Prop_bufg_I_O)         0.081     2.143 r  clock_IBUF_BUFG_inst/O
                         net (fo=59, unplaced)        0.584     2.727    clock_IBUF_BUFG
                         FDRE                                         r  count_reg[23]/C
  -------------------------------------------------------------------    -------------------
                         FDRE (Prop_fdre_C_Q)         0.379     3.106 f  count_reg[23]/Q
                         net (fo=2, unplaced)         0.790     3.896    count_reg[23]
                         LUT6 (Prop_lut6_I0_O)        0.232     4.128 r  led_controller[15]_i_7/O
                         net (fo=2, unplaced)         0.949     5.077    led_controller[15]_i_7_n_0
                         LUT6 (Prop_lut6_I0_O)        0.105     5.182 r  count[0]_i_1/O
                         net (fo=27, unplaced)        0.711     5.893    count[0]_i_1_n_0
                         FDRE                                         r  count_reg[18]/R
  -------------------------------------------------------------------    -------------------

                         (clock clk rise edge)       10.000    10.000 r  
    AC19                                              0.000    10.000 r  clock (IN)
                         net (fo=0)                   0.000    10.000    clock
    AC19                 IBUF (Prop_ibuf_I_O)         1.350    11.350 r  clock_IBUF_inst/O
                         net (fo=1, unplaced)         0.613    11.963    clock_IBUF
                         BUFG (Prop_bufg_I_O)         0.077    12.040 r  clock_IBUF_BUFG_inst/O
                         net (fo=59, unplaced)        0.439    12.479    clock_IBUF_BUFG
                         FDRE                                         r  count_reg[18]/C
                         clock pessimism              0.102    12.582    
                         clock uncertainty           -0.035    12.546    
                         FDRE (Setup_fdre_C_R)       -0.355    12.191    count_reg[18]
  -------------------------------------------------------------------
                         required time                         12.191    
                         arrival time                          -5.893    
  -------------------------------------------------------------------
                         slack                                  6.299    





Pulse Width Checks
--------------------------------------------------------------------------------------
Clock Name:         clk
Waveform(ns):       { 0.000 5.000 }
Period(ns):         10.000
Sources:            { clock }

Check Type        Corner  Lib Pin  Reference Pin  Required(ns)  Actual(ns)  Slack(ns)  Location  Pin
Min Period        n/a     BUFG/I   n/a            1.592         10.000      8.408                clock_IBUF_BUFG_inst/I
Min Period        n/a     FDRE/C   n/a            1.000         10.000      9.000                count_reg[0]/C
Min Period        n/a     FDRE/C   n/a            1.000         10.000      9.000                count_reg[10]/C
Min Period        n/a     FDRE/C   n/a            1.000         10.000      9.000                count_reg[11]/C
Min Period        n/a     FDRE/C   n/a            1.000         10.000      9.000                count_reg[12]/C
Min Period        n/a     FDRE/C   n/a            1.000         10.000      9.000                count_reg[13]/C
Min Period        n/a     FDRE/C   n/a            1.000         10.000      9.000                count_reg[14]/C
Min Period        n/a     FDRE/C   n/a            1.000         10.000      9.000                count_reg[15]/C
Min Period        n/a     FDRE/C   n/a            1.000         10.000      9.000                count_reg[16]/C
Min Period        n/a     FDRE/C   n/a            1.000         10.000      9.000                count_reg[17]/C
Low Pulse Width   Slow    FDRE/C   n/a            0.500         5.000       4.500                count_reg[0]/C
Low Pulse Width   Slow    FDRE/C   n/a            0.500         5.000       4.500                count_reg[10]/C
Low Pulse Width   Slow    FDRE/C   n/a            0.500         5.000       4.500                count_reg[11]/C
Low Pulse Width   Slow    FDRE/C   n/a            0.500         5.000       4.500                count_reg[12]/C
Low Pulse Width   Slow    FDRE/C   n/a            0.500         5.000       4.500                count_reg[13]/C
Low Pulse Width   Slow    FDRE/C   n/a            0.500         5.000       4.500                count_reg[14]/C
Low Pulse Width   Slow    FDRE/C   n/a            0.500         5.000       4.500                count_reg[15]/C
Low Pulse Width   Slow    FDRE/C   n/a            0.500         5.000       4.500                count_reg[16]/C
Low Pulse Width   Slow    FDRE/C   n/a            0.500         5.000       4.500                count_reg[17]/C
Low Pulse Width   Slow    FDRE/C   n/a            0.500         5.000       4.500                count_reg[18]/C
High Pulse Width  Fast    FDRE/C   n/a            0.500         5.000       4.500                count_reg[0]/C
High Pulse Width  Fast    FDRE/C   n/a            0.500         5.000       4.500                count_reg[10]/C
High Pulse Width  Fast    FDRE/C   n/a            0.500         5.000       4.500                count_reg[11]/C
High Pulse Width  Fast    FDRE/C   n/a            0.500         5.000       4.500                count_reg[12]/C
High Pulse Width  Fast    FDRE/C   n/a            0.500         5.000       4.500                count_reg[13]/C
High Pulse Width  Fast    FDRE/C   n/a            0.500         5.000       4.500                count_reg[14]/C
High Pulse Width  Fast    FDRE/C   n/a            0.500         5.000       4.500                count_reg[15]/C
High Pulse Width  Fast    FDRE/C   n/a            0.500         5.000       4.500                count_reg[16]/C
High Pulse Width  Fast    FDRE/C   n/a            0.500         5.000       4.500                count_reg[17]/C
High Pulse Width  Fast    FDRE/C   n/a            0.500         5.000       4.500                count_reg[18]/C



